TN:
SF:src/api/client.ts
FN:39,(anonymous_0)
FN:55,(anonymous_1)
FN:59,(anonymous_2)
FN:63,(anonymous_3)
FN:79,(anonymous_4)
FN:143,(anonymous_5)
FN:148,(anonymous_6)
FN:155,(anonymous_7)
FN:163,(anonymous_8)
FN:172,(anonymous_9)
FN:176,(anonymous_10)
FN:183,(anonymous_11)
FN:190,(anonymous_12)
FN:196,(anonymous_13)
FN:202,(anonymous_14)
FN:208,(anonymous_15)
FN:218,(anonymous_16)
FN:222,(anonymous_17)
FN:232,(anonymous_18)
FN:243,(anonymous_19)
FN:253,(anonymous_20)
FN:262,(anonymous_21)
FN:271,(anonymous_22)
FN:279,(anonymous_23)
FN:283,(anonymous_24)
FN:287,(anonymous_25)
FN:293,(anonymous_26)
FN:299,(anonymous_27)
FN:303,(anonymous_28)
FN:309,(anonymous_29)
FN:313,(anonymous_30)
FN:317,(anonymous_31)
FN:325,(anonymous_32)
FN:329,(anonymous_33)
FN:333,(anonymous_34)
FN:342,(anonymous_35)
FN:348,(anonymous_36)
FN:355,(anonymous_37)
FN:369,(anonymous_38)
FN:379,(anonymous_39)
FN:392,(anonymous_40)
FN:396,(anonymous_41)
FN:400,(anonymous_42)
FN:407,(anonymous_43)
FN:411,(anonymous_44)
FN:415,(anonymous_45)
FN:424,(anonymous_46)
FN:428,(anonymous_47)
FN:432,(anonymous_48)
FN:441,(anonymous_49)
FN:447,(anonymous_50)
FN:457,(anonymous_51)
FN:468,(anonymous_52)
FN:475,(anonymous_53)
FN:480,(anonymous_54)
FN:484,(anonymous_55)
FN:493,(anonymous_56)
FN:498,(anonymous_57)
FN:512,(anonymous_58)
FN:516,(anonymous_59)
FN:520,(anonymous_60)
FN:524,(anonymous_61)
FN:531,(anonymous_62)
FN:538,(anonymous_63)
FN:544,(anonymous_64)
FN:550,(anonymous_65)
FN:556,(anonymous_66)
FN:568,(anonymous_67)
FN:575,(anonymous_68)
FN:580,(anonymous_69)
FNF:70
FNH:1
FNDA:0,(anonymous_0)
FNDA:2,(anonymous_1)
FNDA:0,(anonymous_2)
FNDA:0,(anonymous_3)
FNDA:0,(anonymous_4)
FNDA:0,(anonymous_5)
FNDA:0,(anonymous_6)
FNDA:0,(anonymous_7)
FNDA:0,(anonymous_8)
FNDA:0,(anonymous_9)
FNDA:0,(anonymous_10)
FNDA:0,(anonymous_11)
FNDA:0,(anonymous_12)
FNDA:0,(anonymous_13)
FNDA:0,(anonymous_14)
FNDA:0,(anonymous_15)
FNDA:0,(anonymous_16)
FNDA:0,(anonymous_17)
FNDA:0,(anonymous_18)
FNDA:0,(anonymous_19)
FNDA:0,(anonymous_20)
FNDA:0,(anonymous_21)
FNDA:0,(anonymous_22)
FNDA:0,(anonymous_23)
FNDA:0,(anonymous_24)
FNDA:0,(anonymous_25)
FNDA:0,(anonymous_26)
FNDA:0,(anonymous_27)
FNDA:0,(anonymous_28)
FNDA:0,(anonymous_29)
FNDA:0,(anonymous_30)
FNDA:0,(anonymous_31)
FNDA:0,(anonymous_32)
FNDA:0,(anonymous_33)
FNDA:0,(anonymous_34)
FNDA:0,(anonymous_35)
FNDA:0,(anonymous_36)
FNDA:0,(anonymous_37)
FNDA:0,(anonymous_38)
FNDA:0,(anonymous_39)
FNDA:0,(anonymous_40)
FNDA:0,(anonymous_41)
FNDA:0,(anonymous_42)
FNDA:0,(anonymous_43)
FNDA:0,(anonymous_44)
FNDA:0,(anonymous_45)
FNDA:0,(anonymous_46)
FNDA:0,(anonymous_47)
FNDA:0,(anonymous_48)
FNDA:0,(anonymous_49)
FNDA:0,(anonymous_50)
FNDA:0,(anonymous_51)
FNDA:0,(anonymous_52)
FNDA:0,(anonymous_53)
FNDA:0,(anonymous_54)
FNDA:0,(anonymous_55)
FNDA:0,(anonymous_56)
FNDA:0,(anonymous_57)
FNDA:0,(anonymous_58)
FNDA:0,(anonymous_59)
FNDA:0,(anonymous_60)
FNDA:0,(anonymous_61)
FNDA:0,(anonymous_62)
FNDA:0,(anonymous_63)
FNDA:0,(anonymous_64)
FNDA:0,(anonymous_65)
FNDA:0,(anonymous_66)
FNDA:0,(anonymous_67)
FNDA:0,(anonymous_68)
FNDA:0,(anonymous_69)
DA:41,0
DA:42,0
DA:43,0
DA:45,0
DA:46,0
DA:50,2
DA:56,2
DA:60,0
DA:67,0
DA:68,0
DA:69,0
DA:71,0
DA:73,0
DA:77,0
DA:78,0
DA:79,0
DA:80,0
DA:84,0
DA:85,0
DA:88,0
DA:89,0
DA:94,0
DA:95,0
DA:97,0
DA:98,0
DA:101,0
DA:102,0
DA:103,0
DA:104,0
DA:105,0
DA:108,0
DA:111,0
DA:117,0
DA:120,0
DA:122,0
DA:123,0
DA:126,0
DA:127,0
DA:129,0
DA:132,0
DA:134,0
DA:135,0
DA:138,0
DA:144,0
DA:149,0
DA:156,0
DA:164,0
DA:165,0
DA:166,0
DA:167,0
DA:168,0
DA:169,0
DA:173,0
DA:177,0
DA:184,0
DA:191,0
DA:197,0
DA:203,0
DA:209,0
DA:210,0
DA:211,0
DA:212,0
DA:213,0
DA:214,0
DA:219,0
DA:226,0
DA:237,0
DA:247,0
DA:254,0
DA:255,0
DA:256,0
DA:257,0
DA:258,0
DA:259,0
DA:263,0
DA:264,0
DA:265,0
DA:266,0
DA:267,0
DA:268,0
DA:274,0
DA:280,0
DA:284,0
DA:288,0
DA:294,0
DA:300,0
DA:304,0
DA:310,0
DA:314,0
DA:318,0
DA:326,0
DA:330,0
DA:336,0
DA:343,0
DA:349,0
DA:359,0
DA:360,0
DA:361,0
DA:362,0
DA:363,0
DA:364,0
DA:373,0
DA:383,0
DA:393,0
DA:397,0
DA:401,0
DA:408,0
DA:412,0
DA:418,0
DA:425,0
DA:429,0
DA:435,0
DA:444,0
DA:451,0
DA:461,0
DA:469,0
DA:476,0
DA:477,0
DA:481,0
DA:487,0
DA:494,0
DA:503,0
DA:504,0
DA:505,0
DA:506,0
DA:507,0
DA:508,0
DA:509,0
DA:513,0
DA:517,0
DA:521,0
DA:525,0
DA:532,0
DA:539,0
DA:545,0
DA:551,0
DA:560,0
DA:561,0
DA:562,0
DA:563,0
DA:564,0
DA:565,0
DA:569,0
DA:576,0
DA:581,0
DA:587,2
LF:146
LH:3
BRDA:50,0,0,2
BRDA:50,0,1,2
BRDA:65,1,0,0
BRDA:69,2,0,0
BRDA:69,2,1,0
BRDA:77,3,0,0
BRDA:77,3,1,0
BRDA:84,4,0,0
BRDA:84,4,1,0
BRDA:84,5,0,0
BRDA:84,5,1,0
BRDA:95,6,0,0
BRDA:95,6,1,0
BRDA:97,7,0,0
BRDA:97,7,1,0
BRDA:102,8,0,0
BRDA:102,8,1,0
BRDA:103,9,0,0
BRDA:103,9,1,0
BRDA:103,10,0,0
BRDA:103,10,1,0
BRDA:104,11,0,0
BRDA:104,11,1,0
BRDA:105,12,0,0
BRDA:105,12,1,0
BRDA:108,13,0,0
BRDA:108,13,1,0
BRDA:122,14,0,0
BRDA:122,14,1,0
BRDA:132,15,0,0
BRDA:132,15,1,0
BRDA:134,16,0,0
BRDA:134,16,1,0
BRDA:165,17,0,0
BRDA:165,17,1,0
BRDA:167,18,0,0
BRDA:167,18,1,0
BRDA:168,19,0,0
BRDA:168,19,1,0
BRDA:211,20,0,0
BRDA:211,20,1,0
BRDA:213,21,0,0
BRDA:213,21,1,0
BRDA:255,22,0,0
BRDA:255,22,1,0
BRDA:257,23,0,0
BRDA:257,23,1,0
BRDA:258,24,0,0
BRDA:258,24,1,0
BRDA:264,25,0,0
BRDA:264,25,1,0
BRDA:266,26,0,0
BRDA:266,26,1,0
BRDA:267,27,0,0
BRDA:267,27,1,0
BRDA:360,28,0,0
BRDA:360,28,1,0
BRDA:362,29,0,0
BRDA:362,29,1,0
BRDA:363,30,0,0
BRDA:363,30,1,0
BRDA:476,31,0,0
BRDA:476,31,1,0
BRDA:504,32,0,0
BRDA:504,32,1,0
BRDA:505,33,0,0
BRDA:505,33,1,0
BRDA:506,34,0,0
BRDA:506,34,1,0
BRDA:508,35,0,0
BRDA:508,35,1,0
BRDA:561,36,0,0
BRDA:561,36,1,0
BRDA:563,37,0,0
BRDA:563,37,1,0
BRDA:564,38,0,0
BRDA:564,38,1,0
BRF:77
BRH:2
end_of_record
TN:
SF:src/components/AuthLayout.tsx
FN:16,AuthLayout
FNF:1
FNH:1
FNDA:16,AuthLayout
DA:17,16
LF:1
LH:1
BRF:0
BRH:0
end_of_record
TN:
SF:src/components/ErrorBoundary.tsx
FN:20,(anonymous_0)
FN:25,(anonymous_1)
FN:33,(anonymous_2)
FN:37,(anonymous_3)
FN:41,(anonymous_4)
FN:66,DefaultErrorFallback
FN:110,(anonymous_6)
FNF:7
FNH:6
FNDA:8,(anonymous_0)
FNDA:1,(anonymous_1)
FNDA:4,(anonymous_2)
FNDA:1,(anonymous_3)
FNDA:17,(anonymous_4)
FNDA:6,DefaultErrorFallback
FNDA:0,(anonymous_6)
DA:21,8
DA:22,8
DA:27,8
DA:28,0
DA:30,8
DA:34,4
DA:37,1
DA:38,1
DA:42,17
DA:43,8
DA:44,2
DA:45,2
DA:53,6
DA:62,9
DA:75,6
DA:111,0
LF:16
LH:14
BRDA:27,0,0,0
BRDA:27,0,1,8
BRDA:42,1,0,8
BRDA:42,1,1,9
BRDA:43,2,0,2
BRDA:43,2,1,6
BRDA:85,3,0,6
BRDA:85,3,1,0
BRDA:85,3,2,6
BRDA:93,4,0,6
BRDA:93,4,1,0
BRDA:98,5,0,6
BRDA:98,5,1,6
BRF:13
BRH:10
end_of_record
TN:
SF:src/components/ProtectedRoute.tsx
FN:8,ProtectedRoute
FNF:1
FNH:1
FNDA:3,ProtectedRoute
DA:9,3
DA:10,3
DA:11,3
DA:14,3
DA:15,1
DA:26,2
DA:27,1
DA:30,1
LF:8
LH:8
BRDA:14,0,0,1
BRDA:14,0,1,2
BRDA:14,1,0,3
BRDA:14,1,1,1
BRDA:26,2,0,1
BRDA:26,2,1,1
BRDA:26,3,0,2
BRDA:26,3,1,1
BRF:8
BRH:8
end_of_record
TN:
SF:src/components/SanctumNav.tsx
FN:14,SanctumSection
FN:36,(anonymous_1)
FN:61,SanctumNav
FNF:3
FNH:3
FNDA:9,SanctumSection
FNDA:10,(anonymous_1)
FNDA:3,SanctumNav
DA:23,9
DA:25,9
DA:37,10
DA:38,10
DA:40,10
DA:62,3
LF:6
LH:6
BRDA:32,0,0,4
BRDA:32,0,1,5
BRDA:46,1,0,1
BRDA:46,1,1,9
BRF:4
BRH:4
end_of_record
TN:
SF:src/components/navigation.ts
FN:71,isRouteActive
FN:79,getRouteTitle
FN:80,(anonymous_2)
FNF:3
FNH:1
FNDA:10,isRouteActive
FNDA:0,getRouteTitle
FNDA:0,(anonymous_2)
DA:25,2
DA:31,2
DA:39,2
DA:44,2
DA:51,2
DA:72,10
DA:73,0
DA:76,10
DA:80,0
DA:81,0
LF:10
LH:7
BRDA:72,0,0,0
BRDA:72,0,1,10
BRDA:76,1,0,10
BRDA:76,1,1,9
BRDA:81,2,0,0
BRDA:81,2,1,0
BRF:6
BRH:3
end_of_record
TN:
SF:src/components/chat/ChatDockConversationList.tsx
FN:20,ChatDockConversationList
FN:25,(anonymous_1)
FN:26,(anonymous_2)
FN:30,(anonymous_3)
FN:35,(anonymous_4)
FN:42,(anonymous_5)
FN:59,(anonymous_6)
FN:68,(anonymous_7)
FN:79,(anonymous_8)
FNF:9
FNH:5
FNDA:2,ChatDockConversationList
FNDA:0,(anonymous_1)
FNDA:0,(anonymous_2)
FNDA:1,(anonymous_3)
FNDA:1,(anonymous_4)
FNDA:0,(anonymous_5)
FNDA:1,(anonymous_6)
FNDA:0,(anonymous_7)
FNDA:1,(anonymous_8)
DA:25,2
DA:26,2
DA:29,2
DA:30,2
DA:31,2
DA:34,2
DA:35,2
DA:36,1
DA:37,1
DA:38,1
DA:42,2
DA:43,0
DA:44,0
DA:45,0
DA:48,2
DA:49,1
DA:56,1
DA:60,1
DA:61,1
DA:64,1
DA:67,1
DA:68,0
DA:70,1
DA:71,1
DA:72,1
DA:73,1
DA:75,1
DA:79,1
LF:28
LH:24
BRDA:36,0,0,0
BRDA:36,0,1,1
BRDA:43,1,0,0
BRDA:43,1,1,0
BRDA:44,2,0,0
BRDA:44,2,1,0
BRDA:48,3,0,1
BRDA:48,3,1,1
BRDA:61,4,0,0
BRDA:61,4,1,1
BRDA:63,5,0,1
BRDA:63,5,1,0
BRDA:64,6,0,0
BRDA:64,6,1,1
BRDA:67,7,0,0
BRDA:67,7,1,1
BRDA:70,8,0,0
BRDA:70,8,1,1
BRDA:71,9,0,1
BRDA:71,9,1,1
BRDA:82,10,0,1
BRDA:82,10,1,0
BRDA:92,11,0,1
BRDA:92,11,1,0
BRDA:92,11,2,0
BRDA:102,12,0,0
BRDA:102,12,1,1
BRDA:107,13,0,1
BRDA:107,13,1,1
BRDA:113,14,0,1
BRDA:113,14,1,1
BRDA:120,15,0,1
BRDA:120,15,1,0
BRDA:122,16,0,0
BRDA:122,16,1,0
BRF:35
BRH:18
end_of_record
TN:
SF:src/components/chat/MessageItem.tsx
FN:12,MessageItem2
FNF:1
FNH:1
FNDA:6,MessageItem2
DA:12,2
DA:16,6
DA:18,6
LF:3
LH:3
BRDA:20,0,0,5
BRDA:20,0,1,1
BRDA:23,1,0,5
BRDA:23,1,1,5
BRDA:25,2,0,5
BRDA:25,2,1,0
BRDA:37,3,0,5
BRDA:37,3,1,1
BRDA:43,4,0,2
BRDA:43,4,1,3
BRF:10
BRH:9
end_of_record
TN:
SF:src/components/chat/MessageList.tsx
FN:11,MessageList2
FN:34,(anonymous_1)
FNF:2
FNH:2
FNDA:3,MessageList2
FNDA:2,(anonymous_1)
DA:11,1
DA:16,3
DA:17,1
DA:24,2
DA:25,1
DA:32,1
DA:35,2
LF:7
LH:7
BRDA:16,0,0,1
BRDA:16,0,1,2
BRDA:24,1,0,1
BRDA:24,1,1,1
BRF:4
BRH:4
end_of_record
TN:
SF:src/components/chat/ParticipantsList.tsx
FN:15,ParticipantsList2
FN:20,(anonymous_1)
FN:21,(anonymous_2)
FN:33,(anonymous_3)
FNF:4
FNH:4
FNDA:3,ParticipantsList2
FNDA:3,(anonymous_1)
FNDA:1,(anonymous_2)
FNDA:3,(anonymous_3)
DA:15,1
DA:19,3
DA:20,3
DA:23,1
DA:26,3
DA:34,3
LF:6
LH:6
BRDA:20,0,0,3
BRDA:20,0,1,1
BRDA:23,1,0,1
BRDA:23,1,1,0
BRDA:23,2,0,1
BRDA:23,2,1,0
BRDA:31,3,0,2
BRDA:31,3,1,1
BRDA:40,4,0,3
BRDA:40,4,1,0
BRDA:45,5,0,3
BRDA:45,5,1,1
BRF:12
BRH:9
end_of_record
TN:
SF:src/components/friends/FriendCard.tsx
FN:18,FriendCard
FN:69,(anonymous_1)
FN:86,(anonymous_2)
FN:103,(anonymous_3)
FN:117,(anonymous_4)
FN:131,(anonymous_5)
FNF:6
FNH:2
FNDA:4,FriendCard
FNDA:0,(anonymous_1)
FNDA:0,(anonymous_2)
FNDA:0,(anonymous_3)
FNDA:0,(anonymous_4)
FNDA:1,(anonymous_5)
DA:24,4
DA:69,0
DA:86,0
DA:103,0
DA:117,0
DA:131,1
LF:6
LH:2
BRDA:22,0,0,4
BRDA:28,1,0,0
BRDA:28,1,1,4
BRDA:59,2,0,4
BRDA:59,2,1,1
BRDA:64,3,0,4
BRDA:64,3,1,1
BRDA:72,4,0,0
BRDA:72,4,1,1
BRDA:80,5,0,4
BRDA:80,5,1,0
BRDA:89,6,0,0
BRDA:89,6,1,0
BRDA:97,7,0,4
BRDA:97,7,1,1
BRDA:106,8,0,0
BRDA:106,8,1,1
BRDA:125,9,0,4
BRDA:125,9,1,2
BRDA:134,10,0,0
BRDA:134,10,1,2
BRF:21
BRH:14
end_of_record
TN:
SF:src/components/friends/FriendList.tsx
FN:16,FriendList
FN:18,(anonymous_1)
FN:39,(anonymous_2)
FN:47,(anonymous_3)
FN:51,(anonymous_4)
FN:60,(anonymous_5)
FN:87,(anonymous_6)
FN:111,(anonymous_7)
FN:120,(anonymous_8)
FNF:9
FNH:3
FNDA:3,FriendList
FNDA:0,(anonymous_1)
FNDA:1,(anonymous_2)
FNDA:0,(anonymous_3)
FNDA:0,(anonymous_4)
FNDA:2,(anonymous_5)
FNDA:0,(anonymous_6)
FNDA:0,(anonymous_7)
FNDA:0,(anonymous_8)
DA:17,3
DA:18,3
DA:19,3
DA:20,3
DA:21,3
DA:23,3
DA:24,1
DA:31,2
DA:32,1
DA:39,1
DA:47,1
DA:48,0
DA:52,0
DA:58,1
DA:61,2
DA:88,0
DA:89,0
DA:90,0
DA:111,0
DA:121,0
DA:122,0
LF:21
LH:13
BRDA:23,0,0,1
BRDA:23,0,1,2
BRDA:31,1,0,1
BRDA:31,1,1,1
BRDA:31,2,0,2
BRDA:31,2,1,2
BRDA:64,3,0,0
BRDA:64,3,1,2
BRDA:79,4,0,0
BRDA:79,4,1,2
BRDA:101,5,0,0
BRDA:101,5,1,2
BRDA:102,6,0,0
BRDA:102,6,1,2
BRDA:121,7,0,0
BRDA:121,7,1,0
BRF:16
BRH:10
end_of_record
TN:
SF:src/components/friends/FriendRequests.tsx
FN:11,FriendRequestList
FN:43,(anonymous_1)
FN:66,(anonymous_2)
FN:76,(anonymous_3)
FN:94,(anonymous_4)
FN:117,(anonymous_5)
FNF:6
FNH:2
FNDA:3,FriendRequestList
FNDA:1,(anonymous_1)
FNDA:0,(anonymous_2)
FNDA:0,(anonymous_3)
FNDA:0,(anonymous_4)
FNDA:0,(anonymous_5)
DA:12,3
DA:13,3
DA:15,3
DA:16,3
DA:18,3
DA:19,1
DA:26,2
DA:27,3
DA:29,3
DA:30,1
DA:37,1
DA:44,1
DA:66,0
DA:76,0
DA:95,0
DA:123,0
LF:16
LH:12
BRDA:18,0,0,1
BRDA:18,0,1,2
BRDA:18,1,0,3
BRDA:18,1,1,2
BRDA:26,2,0,2
BRDA:26,2,1,2
BRDA:27,3,0,3
BRDA:27,3,1,2
BRDA:29,4,0,1
BRDA:29,4,1,2
BRDA:29,5,0,3
BRDA:29,5,1,1
BRDA:39,6,0,1
BRDA:39,6,1,1
BRDA:48,7,0,0
BRDA:48,7,1,1
BRDA:90,8,0,3
BRDA:90,8,1,0
BRDA:99,9,0,0
BRDA:99,9,1,0
BRF:20
BRH:16
end_of_record
TN:
SF:src/hooks/useAuth.ts
FN:8,useSignup
FN:13,(anonymous_1)
FN:14,(anonymous_2)
FN:27,useLogin
FN:32,(anonymous_4)
FN:33,(anonymous_5)
FN:47,useLogout
FN:51,(anonymous_7)
FN:63,getAuthToken
FNF:9
FNH:9
FNDA:1,useSignup
FNDA:1,(anonymous_1)
FNDA:1,(anonymous_2)
FNDA:1,useLogin
FNDA:1,(anonymous_4)
FNDA:1,(anonymous_5)
FNDA:1,useLogout
FNDA:1,(anonymous_7)
FNDA:2,getAuthToken
DA:9,1
DA:10,1
DA:12,1
DA:13,1
DA:16,1
DA:17,1
DA:20,1
DA:22,1
DA:28,1
DA:29,1
DA:31,1
DA:32,1
DA:35,1
DA:36,1
DA:39,1
DA:42,1
DA:48,1
DA:49,1
DA:51,1
DA:53,1
DA:54,1
DA:57,1
DA:60,1
DA:64,2
LF:24
LH:24
BRF:0
BRH:0
end_of_record
TN:
SF:src/hooks/useChat.ts
FN:17,(anonymous_0)
FN:18,(anonymous_1)
FN:19,(anonymous_2)
FN:21,(anonymous_3)
FN:22,(anonymous_4)
FN:23,(anonymous_5)
FN:28,useConversations
FN:31,(anonymous_7)
FN:37,useAllChatrooms
FN:40,(anonymous_9)
FN:44,useJoinedChatrooms
FN:47,(anonymous_11)
FN:51,useJoinChatroom
FN:55,(anonymous_13)
FN:56,(anonymous_14)
FN:64,(anonymous_15)
FN:70,useConversation
FN:73,(anonymous_17)
FN:78,useCreateConversation
FN:82,(anonymous_19)
FN:84,(anonymous_20)
FN:87,(anonymous_21)
FN:93,useMarkAsRead
FN:97,(anonymous_23)
FN:99,(anonymous_24)
FN:105,(anonymous_25)
FN:111,useLeaveConversation
FN:115,(anonymous_27)
FN:117,(anonymous_28)
FN:125,(anonymous_29)
FN:133,useMessages
FN:142,(anonymous_31)
FN:147,useSendMessage
FN:152,(anonymous_33)
FN:154,(anonymous_34)
FN:188,(anonymous_35)
FN:194,(anonymous_36)
FN:198,(anonymous_37)
FN:202,(anonymous_38)
FN:213,(anonymous_39)
FN:221,(anonymous_40)
FN:230,(anonymous_41)
FN:237,useDeleteMessage
FN:241,(anonymous_43)
FN:243,(anonymous_44)
FN:258,(anonymous_45)
FN:264,(anonymous_46)
FN:273,(anonymous_47)
FNF:48
FNH:37
FNDA:8,(anonymous_0)
FNDA:6,(anonymous_1)
FNDA:8,(anonymous_2)
FNDA:6,(anonymous_3)
FNDA:2,(anonymous_4)
FNDA:2,(anonymous_5)
FNDA:2,useConversations
FNDA:1,(anonymous_7)
FNDA:2,useAllChatrooms
FNDA:1,(anonymous_9)
FNDA:2,useJoinedChatrooms
FNDA:1,(anonymous_11)
FNDA:1,useJoinChatroom
FNDA:1,(anonymous_13)
FNDA:1,(anonymous_14)
FNDA:0,(anonymous_15)
FNDA:3,useConversation
FNDA:1,(anonymous_17)
FNDA:1,useCreateConversation
FNDA:1,(anonymous_19)
FNDA:1,(anonymous_20)
FNDA:0,(anonymous_21)
FNDA:1,useMarkAsRead
FNDA:1,(anonymous_23)
FNDA:1,(anonymous_24)
FNDA:0,(anonymous_25)
FNDA:1,useLeaveConversation
FNDA:1,(anonymous_27)
FNDA:1,(anonymous_28)
FNDA:0,(anonymous_29)
FNDA:2,useMessages
FNDA:1,(anonymous_31)
FNDA:2,useSendMessage
FNDA:1,(anonymous_33)
FNDA:1,(anonymous_34)
FNDA:1,(anonymous_35)
FNDA:0,(anonymous_36)
FNDA:0,(anonymous_37)
FNDA:0,(anonymous_38)
FNDA:0,(anonymous_39)
FNDA:0,(anonymous_40)
FNDA:1,(anonymous_41)
FNDA:1,useDeleteMessage
FNDA:1,(anonymous_43)
FNDA:1,(anonymous_44)
FNDA:0,(anonymous_45)
FNDA:0,(anonymous_46)
FNDA:1,(anonymous_47)
DA:15,1
DA:17,8
DA:18,6
DA:20,8
DA:21,6
DA:22,2
DA:23,2
DA:29,2
DA:31,1
DA:38,2
DA:40,1
DA:45,2
DA:47,1
DA:52,1
DA:54,1
DA:55,1
DA:58,1
DA:59,1
DA:60,1
DA:65,0
DA:71,3
DA:73,1
DA:79,1
DA:81,1
DA:83,1
DA:85,1
DA:88,0
DA:94,1
DA:96,1
DA:98,1
DA:100,1
DA:103,1
DA:106,0
DA:112,1
DA:114,1
DA:116,1
DA:118,1
DA:119,1
DA:120,1
DA:121,1
DA:126,0
DA:138,2
DA:142,1
DA:148,2
DA:149,2
DA:151,2
DA:153,1
DA:156,1
DA:161,1
DA:166,1
DA:167,0
DA:180,0
DA:186,1
DA:189,1
DA:190,1
DA:192,0
DA:195,0
DA:198,0
DA:200,0
DA:202,0
DA:204,0
DA:207,0
DA:208,0
DA:213,0
DA:214,0
DA:215,0
DA:216,0
DA:222,0
DA:223,0
DA:224,0
DA:232,1
DA:238,1
DA:240,1
DA:242,1
DA:245,1
DA:250,1
DA:255,1
DA:256,0
DA:258,0
DA:262,1
DA:265,0
DA:266,0
DA:267,0
DA:275,1
DA:278,1
LF:85
LH:59
BRDA:74,0,0,3
BRDA:74,0,1,3
BRDA:74,0,2,3
BRDA:139,1,0,0
BRDA:139,1,1,2
BRDA:143,2,0,2
BRDA:143,2,1,2
BRDA:143,2,2,2
BRDA:166,3,0,0
BRDA:166,3,1,1
BRDA:170,4,0,0
BRDA:170,4,1,0
BRDA:171,5,0,0
BRDA:171,5,1,0
BRDA:173,6,0,0
BRDA:173,6,1,0
BRDA:190,7,0,1
BRDA:190,7,1,0
BRDA:195,8,0,0
BRDA:195,8,1,0
BRDA:200,9,0,0
BRDA:200,9,1,0
BRDA:204,10,0,0
BRDA:204,10,1,0
BRDA:215,11,0,0
BRDA:215,11,1,0
BRDA:223,12,0,0
BRDA:223,12,1,0
BRDA:255,13,0,0
BRDA:255,13,1,1
BRDA:266,14,0,0
BRDA:266,14,1,0
BRF:32
BRH:10
end_of_record
TN:
SF:src/hooks/useComments.ts
FN:15,(anonymous_0)
FN:16,(anonymous_1)
FN:20,usePostComments
FN:23,(anonymous_3)
FN:29,useCreateComment
FN:33,(anonymous_5)
FN:35,(anonymous_6)
FN:38,(anonymous_7)
FN:45,useUpdateComment
FN:49,(anonymous_9)
FN:51,(anonymous_10)
FN:64,(anonymous_11)
FN:72,(anonymous_12)
FN:81,(anonymous_13)
FN:89,useDeleteComment
FN:93,(anonymous_15)
FN:95,(anonymous_16)
FN:108,(anonymous_17)
FN:114,(anonymous_18)
FN:123,(anonymous_19)
FNF:20
FNH:7
FNDA:3,(anonymous_0)
FNDA:3,(anonymous_1)
FNDA:2,usePostComments
FNDA:1,(anonymous_3)
FNDA:1,useCreateComment
FNDA:1,(anonymous_5)
FNDA:1,(anonymous_6)
FNDA:0,(anonymous_7)
FNDA:0,useUpdateComment
FNDA:0,(anonymous_9)
FNDA:0,(anonymous_10)
FNDA:0,(anonymous_11)
FNDA:0,(anonymous_12)
FNDA:0,(anonymous_13)
FNDA:0,useDeleteComment
FNDA:0,(anonymous_15)
FNDA:0,(anonymous_16)
FNDA:0,(anonymous_17)
FNDA:0,(anonymous_18)
FNDA:0,(anonymous_19)
DA:13,1
DA:15,3
DA:16,3
DA:21,2
DA:23,1
DA:30,1
DA:32,1
DA:34,1
DA:36,1
DA:39,0
DA:46,0
DA:48,0
DA:50,0
DA:53,0
DA:56,0
DA:61,0
DA:62,0
DA:65,0
DA:70,0
DA:73,0
DA:74,0
DA:75,0
DA:83,0
DA:90,0
DA:92,0
DA:94,0
DA:97,0
DA:100,0
DA:105,0
DA:106,0
DA:108,0
DA:112,0
DA:115,0
DA:116,0
DA:117,0
DA:125,0
LF:36
LH:9
BRDA:61,0,0,0
BRDA:61,0,1,0
BRDA:65,1,0,0
BRDA:65,1,1,0
BRDA:74,2,0,0
BRDA:74,2,1,0
BRDA:105,3,0,0
BRDA:105,3,1,0
BRDA:116,4,0,0
BRDA:116,4,1,0
BRF:10
BRH:0
end_of_record
TN:
SF:src/hooks/useFriends.ts
FN:9,(anonymous_0)
FN:10,(anonymous_1)
FN:11,(anonymous_2)
FN:12,(anonymous_3)
FN:13,(anonymous_4)
FN:17,useFriends
FN:20,(anonymous_6)
FN:25,usePendingRequests
FN:28,(anonymous_8)
FN:33,useSentRequests
FN:36,(anonymous_10)
FN:41,useFriendshipStatus
FN:44,(anonymous_12)
FN:50,useSendFriendRequest
FN:54,(anonymous_14)
FN:55,(anonymous_15)
FN:67,(anonymous_16)
FN:77,useAcceptFriendRequest
FN:81,(anonymous_18)
FN:82,(anonymous_19)
FN:92,(anonymous_20)
FN:99,useRejectFriendRequest
FN:103,(anonymous_22)
FN:104,(anonymous_23)
FN:110,(anonymous_24)
FN:117,useRemoveFriend
FN:121,(anonymous_26)
FN:122,(anonymous_27)
FN:126,(anonymous_28)
FNF:29
FNH:25
FNDA:5,(anonymous_0)
FNDA:8,(anonymous_1)
FNDA:5,(anonymous_2)
FNDA:3,(anonymous_3)
FNDA:5,(anonymous_4)
FNDA:2,useFriends
FNDA:1,(anonymous_6)
FNDA:2,usePendingRequests
FNDA:1,(anonymous_8)
FNDA:2,useSentRequests
FNDA:1,(anonymous_10)
FNDA:3,useFriendshipStatus
FNDA:1,(anonymous_12)
FNDA:1,useSendFriendRequest
FNDA:1,(anonymous_14)
FNDA:1,(anonymous_15)
FNDA:0,(anonymous_16)
FNDA:1,useAcceptFriendRequest
FNDA:1,(anonymous_18)
FNDA:1,(anonymous_19)
FNDA:0,(anonymous_20)
FNDA:2,useRejectFriendRequest
FNDA:1,(anonymous_22)
FNDA:1,(anonymous_23)
FNDA:0,(anonymous_24)
FNDA:1,useRemoveFriend
FNDA:1,(anonymous_26)
FNDA:1,(anonymous_27)
FNDA:0,(anonymous_28)
DA:7,1
DA:9,5
DA:10,8
DA:11,5
DA:12,3
DA:13,5
DA:18,2
DA:20,1
DA:26,2
DA:28,1
DA:34,2
DA:36,1
DA:42,3
DA:44,1
DA:51,1
DA:53,1
DA:54,1
DA:56,1
DA:57,1
DA:60,1
DA:63,1
DA:64,1
DA:65,1
DA:68,0
DA:69,0
DA:78,1
DA:80,1
DA:81,1
DA:83,1
DA:86,1
DA:90,1
DA:93,0
DA:100,2
DA:102,2
DA:103,1
DA:105,1
DA:108,1
DA:111,0
DA:118,1
DA:120,1
DA:121,1
DA:123,1
DA:124,1
DA:127,0
LF:44
LH:39
BRDA:70,0,0,0
BRDA:70,0,1,0
BRF:2
BRH:0
end_of_record
TN:
SF:src/hooks/useMediaQuery.ts
FN:7,useMediaQuery
FN:10,(anonymous_1)
FN:13,(anonymous_2)
FN:15,(anonymous_3)
FN:22,useIsMobile
FNF:5
FNH:5
FNDA:7,useMediaQuery
FNDA:4,(anonymous_1)
FNDA:1,(anonymous_2)
FNDA:4,(anonymous_3)
FNDA:2,useIsMobile
DA:8,7
DA:10,7
DA:11,4
DA:12,4
DA:13,4
DA:14,4
DA:15,4
DA:18,7
DA:23,2
LF:9
LH:9
BRF:0
BRH:0
end_of_record
TN:
SF:src/hooks/usePosts.ts
FN:22,(anonymous_0)
FN:23,(anonymous_1)
FN:24,(anonymous_2)
FN:25,(anonymous_3)
FN:26,(anonymous_4)
FN:31,usePosts
FN:34,(anonymous_6)
FN:39,useInfinitePosts
FN:42,(anonymous_8)
FN:44,(anonymous_9)
FN:56,usePost
FN:59,(anonymous_11)
FN:65,useSearchPosts
FN:68,(anonymous_13)
FN:74,useCreatePost
FN:78,(anonymous_15)
FN:79,(anonymous_16)
FN:82,(anonymous_17)
FN:89,useUpdatePost
FN:93,(anonymous_19)
FN:94,(anonymous_20)
FN:113,(anonymous_21)
FN:119,(anonymous_22)
FN:127,useDeletePost
FN:131,(anonymous_24)
FN:132,(anonymous_25)
FN:138,(anonymous_26)
FN:145,updatePostInCache
FN:159,(anonymous_28)
FN:163,(anonymous_29)
FN:164,(anonymous_30)
FN:172,(anonymous_31)
FN:178,useLikePost
FN:182,(anonymous_33)
FN:183,(anonymous_34)
FN:185,(anonymous_35)
FN:194,(anonymous_36)
FN:201,useUnlikePost
FN:205,(anonymous_38)
FN:206,(anonymous_39)
FN:215,(anonymous_40)
FN:221,(anonymous_41)
FN:229,(anonymous_42)
FN:231,(anonymous_43)
FN:233,(anonymous_44)
FN:238,(anonymous_45)
FN:244,(anonymous_46)
FNF:47
FNH:11
FNDA:3,(anonymous_0)
FNDA:2,(anonymous_1)
FNDA:3,(anonymous_2)
FNDA:3,(anonymous_3)
FNDA:0,(anonymous_4)
FNDA:2,usePosts
FNDA:1,(anonymous_6)
FNDA:0,useInfinitePosts
FNDA:0,(anonymous_8)
FNDA:0,(anonymous_9)
FNDA:3,usePost
FNDA:1,(anonymous_11)
FNDA:0,useSearchPosts
FNDA:0,(anonymous_13)
FNDA:1,useCreatePost
FNDA:1,(anonymous_15)
FNDA:1,(anonymous_16)
FNDA:0,(anonymous_17)
FNDA:0,useUpdatePost
FNDA:0,(anonymous_19)
FNDA:0,(anonymous_20)
FNDA:0,(anonymous_21)
FNDA:0,(anonymous_22)
FNDA:0,useDeletePost
FNDA:0,(anonymous_24)
FNDA:0,(anonymous_25)
FNDA:0,(anonymous_26)
FNDA:0,updatePostInCache
FNDA:0,(anonymous_28)
FNDA:0,(anonymous_29)
FNDA:0,(anonymous_30)
FNDA:0,(anonymous_31)
FNDA:0,useLikePost
FNDA:0,(anonymous_33)
FNDA:0,(anonymous_34)
FNDA:0,(anonymous_35)
FNDA:0,(anonymous_36)
FNDA:0,useUnlikePost
FNDA:0,(anonymous_38)
FNDA:0,(anonymous_39)
FNDA:0,(anonymous_40)
FNDA:0,(anonymous_41)
FNDA:0,(anonymous_42)
FNDA:0,(anonymous_43)
FNDA:0,(anonymous_44)
FNDA:0,(anonymous_45)
FNDA:0,(anonymous_46)
DA:20,1
DA:22,3
DA:23,2
DA:24,3
DA:25,3
DA:27,0
DA:32,2
DA:34,1
DA:40,0
DA:43,0
DA:45,0
DA:46,0
DA:57,3
DA:59,1
DA:66,0
DA:68,0
DA:75,1
DA:77,1
DA:78,1
DA:80,1
DA:83,0
DA:90,0
DA:92,0
DA:93,0
DA:96,0
DA:99,0
DA:104,0
DA:105,0
DA:111,0
DA:114,0
DA:115,0
DA:116,0
DA:121,0
DA:128,0
DA:130,0
DA:131,0
DA:134,0
DA:136,0
DA:139,0
DA:151,0
DA:156,0
DA:157,0
DA:160,0
DA:161,0
DA:164,0
DA:172,0
DA:173,0
DA:179,0
DA:181,0
DA:182,0
DA:185,0
DA:186,0
DA:192,0
DA:195,0
DA:202,0
DA:204,0
DA:205,0
DA:207,0
DA:209,0
DA:212,0
DA:215,0
DA:221,0
DA:227,0
DA:231,0
DA:234,0
DA:235,0
DA:236,0
DA:238,0
DA:239,0
DA:240,0
DA:245,0
LF:71
LH:13
BRDA:39,0,0,0
BRDA:42,1,0,0
BRDA:45,2,0,0
BRDA:45,2,1,0
BRDA:104,3,0,0
BRDA:104,3,1,0
BRDA:115,4,0,0
BRDA:115,4,1,0
BRDA:160,5,0,0
BRDA:160,5,1,0
BRDA:164,6,0,0
BRDA:164,6,1,0
BRDA:173,7,0,0
BRDA:173,7,1,0
BRDA:223,8,0,0
BRDA:223,8,1,0
BRDA:235,9,0,0
BRDA:235,9,1,0
BRDA:239,10,0,0
BRDA:239,10,1,0
BRF:20
BRH:0
end_of_record
TN:
SF:src/hooks/usePresence.ts
FN:15,(anonymous_0)
FN:17,(anonymous_1)
FN:18,(anonymous_2)
FN:23,(anonymous_3)
FN:24,(anonymous_4)
FN:29,(anonymous_5)
FN:30,(anonymous_6)
FN:50,usePresenceListener
FN:51,(anonymous_8)
FN:52,(anonymous_9)
FN:54,(anonymous_10)
FN:59,(anonymous_11)
FN:60,(anonymous_12)
FN:66,(anonymous_13)
FN:70,(anonymous_14)
FN:93,(anonymous_15)
FN:95,(anonymous_16)
FN:99,(anonymous_17)
FN:107,(anonymous_18)
FN:118,(anonymous_19)
FNF:20
FNH:7
FNDA:1,(anonymous_0)
FNDA:2,(anonymous_1)
FNDA:2,(anonymous_2)
FNDA:1,(anonymous_3)
FNDA:1,(anonymous_4)
FNDA:2,(anonymous_5)
FNDA:2,(anonymous_6)
FNDA:0,usePresenceListener
FNDA:0,(anonymous_8)
FNDA:0,(anonymous_9)
FNDA:0,(anonymous_10)
FNDA:0,(anonymous_11)
FNDA:0,(anonymous_12)
FNDA:0,(anonymous_13)
FNDA:0,(anonymous_14)
FNDA:0,(anonymous_15)
FNDA:0,(anonymous_16)
FNDA:0,(anonymous_17)
FNDA:0,(anonymous_18)
FNDA:0,(anonymous_19)
DA:15,1
DA:18,2
DA:19,2
DA:20,2
DA:21,2
DA:24,1
DA:25,1
DA:26,1
DA:27,1
DA:30,2
DA:51,0
DA:52,0
DA:53,0
DA:54,0
DA:56,0
DA:57,0
DA:59,0
DA:60,0
DA:62,0
DA:63,0
DA:66,0
DA:67,0
DA:68,0
DA:71,0
DA:72,0
DA:74,0
DA:75,0
DA:76,0
DA:77,0
DA:79,0
DA:80,0
DA:81,0
DA:82,0
DA:83,0
DA:84,0
DA:85,0
DA:95,0
DA:96,0
DA:104,0
DA:107,0
DA:108,0
DA:113,0
DA:116,0
DA:118,0
DA:119,0
DA:120,0
DA:122,0
DA:123,0
DA:124,0
LF:49
LH:10
BRDA:62,0,0,0
BRDA:62,0,1,0
BRDA:74,1,0,0
BRDA:74,1,1,0
BRDA:76,2,0,0
BRDA:76,2,1,0
BRDA:76,3,0,0
BRDA:76,3,1,0
BRDA:79,4,0,0
BRDA:79,4,1,0
BRDA:81,5,0,0
BRDA:81,5,1,0
BRDA:82,6,0,0
BRDA:82,6,1,0
BRDA:84,7,0,0
BRDA:84,7,1,0
BRDA:119,8,0,0
BRDA:119,8,1,0
BRDA:122,9,0,0
BRDA:122,9,1,0
BRF:20
BRH:0
end_of_record
TN:
SF:src/hooks/useSanctums.ts
FN:13,(anonymous_0)
FN:14,(anonymous_1)
FN:15,(anonymous_2)
FN:16,(anonymous_3)
FN:17,(anonymous_4)
FN:18,(anonymous_5)
FN:19,(anonymous_6)
FN:23,useSanctums
FN:26,(anonymous_8)
FN:30,useSanctum
FN:33,(anonymous_10)
FN:38,useCreateSanctumRequest
FN:42,(anonymous_12)
FN:44,(anonymous_13)
FN:50,useMySanctumRequests
FN:53,(anonymous_15)
FN:57,useMySanctumMemberships
FN:60,(anonymous_17)
FN:64,useUpsertMySanctumMemberships
FN:68,(anonymous_19)
FN:70,(anonymous_20)
FN:76,useAdminSanctumRequests
FN:79,(anonymous_22)
FN:83,invalidateAdminRequestCaches
FN:97,useApproveSanctumRequest
FN:101,(anonymous_25)
FN:109,(anonymous_26)
FN:115,useRejectSanctumRequest
FN:119,(anonymous_28)
FN:121,(anonymous_29)
FNF:30
FNH:30
FNDA:4,(anonymous_0)
FNDA:3,(anonymous_1)
FNDA:11,(anonymous_2)
FNDA:5,(anonymous_3)
FNDA:3,(anonymous_4)
FNDA:3,(anonymous_5)
FNDA:6,(anonymous_6)
FNDA:2,useSanctums
FNDA:1,(anonymous_8)
FNDA:3,useSanctum
FNDA:1,(anonymous_10)
FNDA:1,useCreateSanctumRequest
FNDA:1,(anonymous_12)
FNDA:1,(anonymous_13)
FNDA:2,useMySanctumRequests
FNDA:1,(anonymous_15)
FNDA:2,useMySanctumMemberships
FNDA:1,(anonymous_17)
FNDA:2,useUpsertMySanctumMemberships
FNDA:1,(anonymous_19)
FNDA:1,(anonymous_20)
FNDA:2,useAdminSanctumRequests
FNDA:1,(anonymous_22)
FNDA:2,invalidateAdminRequestCaches
FNDA:1,useApproveSanctumRequest
FNDA:1,(anonymous_25)
FNDA:1,(anonymous_26)
FNDA:2,useRejectSanctumRequest
FNDA:1,(anonymous_28)
FNDA:1,(anonymous_29)
DA:11,1
DA:13,4
DA:14,3
DA:15,11
DA:16,5
DA:17,3
DA:18,3
DA:20,6
DA:24,2
DA:26,1
DA:31,3
DA:33,1
DA:39,1
DA:41,1
DA:43,1
DA:45,1
DA:51,2
DA:53,1
DA:58,2
DA:60,1
DA:65,2
DA:67,2
DA:69,1
DA:71,1
DA:77,2
DA:79,1
DA:87,2
DA:88,2
DA:89,2
DA:92,2
DA:98,1
DA:100,1
DA:108,1
DA:110,1
DA:116,2
DA:118,2
DA:120,1
DA:122,1
LF:38
LH:38
BRF:0
BRH:0
end_of_record
TN:
SF:src/hooks/useStreams.ts
FN:10,(anonymous_0)
FN:11,(anonymous_1)
FN:13,(anonymous_2)
FN:14,(anonymous_3)
FN:15,(anonymous_4)
FN:16,(anonymous_5)
FN:17,(anonymous_6)
FN:21,useStreams
FN:24,(anonymous_8)
FN:30,useStream
FN:33,(anonymous_10)
FN:40,useStreamCategories
FN:43,(anonymous_12)
FN:49,useMyStreams
FN:52,(anonymous_14)
FN:57,useStreamMessages
FN:60,(anonymous_16)
FN:67,useCreateStream
FN:71,(anonymous_18)
FN:72,(anonymous_19)
FN:79,useUpdateStream
FN:83,(anonymous_21)
FN:85,(anonymous_22)
FN:93,useDeleteStream
FN:97,(anonymous_24)
FN:98,(anonymous_25)
FN:106,useGoLive
FN:110,(anonymous_27)
FN:111,(anonymous_28)
FN:120,useEndStream
FN:124,(anonymous_30)
FN:125,(anonymous_31)
FN:134,useSendStreamMessage
FN:138,(anonymous_33)
FN:145,(anonymous_34)
FNF:35
FNH:8
FNDA:2,(anonymous_0)
FNDA:2,(anonymous_1)
FNDA:2,(anonymous_2)
FNDA:2,(anonymous_3)
FNDA:0,(anonymous_4)
FNDA:0,(anonymous_5)
FNDA:0,(anonymous_6)
FNDA:2,useStreams
FNDA:1,(anonymous_8)
FNDA:2,useStream
FNDA:1,(anonymous_10)
FNDA:0,useStreamCategories
FNDA:0,(anonymous_12)
FNDA:0,useMyStreams
FNDA:0,(anonymous_14)
FNDA:0,useStreamMessages
FNDA:0,(anonymous_16)
FNDA:0,useCreateStream
FNDA:0,(anonymous_18)
FNDA:0,(anonymous_19)
FNDA:0,useUpdateStream
FNDA:0,(anonymous_21)
FNDA:0,(anonymous_22)
FNDA:0,useDeleteStream
FNDA:0,(anonymous_24)
FNDA:0,(anonymous_25)
FNDA:0,useGoLive
FNDA:0,(anonymous_27)
FNDA:0,(anonymous_28)
FNDA:0,useEndStream
FNDA:0,(anonymous_30)
FNDA:0,(anonymous_31)
FNDA:0,useSendStreamMessage
FNDA:0,(anonymous_33)
FNDA:0,(anonymous_34)
DA:8,1
DA:10,2
DA:12,2
DA:13,2
DA:14,2
DA:15,0
DA:16,0
DA:17,0
DA:22,2
DA:24,1
DA:31,2
DA:33,1
DA:41,0
DA:43,0
DA:50,0
DA:52,0
DA:58,0
DA:60,0
DA:68,0
DA:70,0
DA:71,0
DA:73,0
DA:80,0
DA:82,0
DA:84,0
DA:86,0
DA:87,0
DA:94,0
DA:96,0
DA:97,0
DA:99,0
DA:100,0
DA:107,0
DA:109,0
DA:110,0
DA:112,0
DA:113,0
DA:114,0
DA:121,0
DA:123,0
DA:124,0
DA:126,0
DA:127,0
DA:128,0
DA:135,0
DA:137,0
DA:144,0
DA:146,0
LF:48
LH:9
BRF:0
BRH:0
end_of_record
TN:
SF:src/hooks/useUsers.ts
FN:15,(anonymous_0)
FN:16,(anonymous_1)
FN:17,(anonymous_2)
FN:21,useMyProfile
FN:26,(anonymous_4)
FN:27,(anonymous_5)
FN:45,useUserProfile
FN:48,(anonymous_7)
FN:54,useAllUsers
FN:57,(anonymous_9)
FN:62,useUpdateMyProfile
FN:66,(anonymous_11)
FN:67,(anonymous_12)
FN:93,(anonymous_13)
FN:100,(anonymous_14)
FN:108,getCurrentUser
FN:119,useIsAuthenticated
FN:135,useValidateToken
FN:138,(anonymous_18)
FNF:19
FNH:8
FNDA:0,(anonymous_0)
FNDA:2,(anonymous_1)
FNDA:2,(anonymous_2)
FNDA:0,useMyProfile
FNDA:0,(anonymous_4)
FNDA:0,(anonymous_5)
FNDA:2,useUserProfile
FNDA:1,(anonymous_7)
FNDA:2,useAllUsers
FNDA:1,(anonymous_9)
FNDA:0,useUpdateMyProfile
FNDA:0,(anonymous_11)
FNDA:0,(anonymous_12)
FNDA:0,(anonymous_13)
FNDA:0,(anonymous_14)
FNDA:5,getCurrentUser
FNDA:5,useIsAuthenticated
FNDA:0,useValidateToken
FNDA:0,(anonymous_18)
DA:13,4
DA:15,0
DA:16,2
DA:17,2
DA:22,0
DA:24,0
DA:26,0
DA:29,0
DA:31,0
DA:35,0
DA:46,2
DA:48,1
DA:55,2
DA:57,1
DA:63,0
DA:65,0
DA:66,0
DA:69,0
DA:72,0
DA:75,0
DA:76,0
DA:82,0
DA:91,0
DA:95,0
DA:96,0
DA:97,0
DA:102,0
DA:109,5
DA:110,5
DA:111,4
DA:112,4
DA:114,1
DA:120,5
DA:121,5
DA:123,5
DA:125,5
DA:126,5
DA:127,5
DA:130,0
DA:136,0
DA:139,0
DA:140,0
DA:141,0
DA:144,0
DA:146,0
DA:150,0
DA:152,0
DA:153,0
DA:154,0
DA:157,0
LF:50
LH:18
BRDA:31,0,0,0
BRDA:31,0,1,0
BRDA:31,0,2,0
BRDA:31,0,3,0
BRDA:35,1,0,0
BRDA:35,1,1,0
BRDA:38,2,0,0
BRDA:38,2,1,0
BRDA:75,3,0,0
BRDA:75,3,1,0
BRDA:95,4,0,0
BRDA:95,4,1,0
BRDA:110,5,0,1
BRDA:110,5,1,4
BRDA:121,6,0,0
BRDA:121,6,1,5
BRDA:146,7,0,0
BRDA:146,7,1,0
BRDA:146,7,2,0
BRDA:146,7,3,0
BRDA:150,8,0,0
BRDA:150,8,1,0
BRF:22
BRH:3
end_of_record
TN:
SF:src/lib/chat-utils.ts
FN:14,getUserColor
FN:18,formatTimestamp
FN:26,getInitials
FN:31,getAvatarUrl
FN:39,getDirectMessageName
FN:44,(anonymous_5)
FN:52,getDirectMessageAvatar
FN:56,(anonymous_7)
FN:67,deduplicateDMConversations
FN:71,(anonymous_9)
FN:75,(anonymous_10)
FN:85,getWsBaseUrl
FNF:12
FNH:7
FNDA:6,getUserColor
FNDA:7,formatTimestamp
FNDA:4,getInitials
FNDA:10,getAvatarUrl
FNDA:0,getDirectMessageName
FNDA:0,(anonymous_5)
FNDA:0,getDirectMessageAvatar
FNDA:0,(anonymous_7)
FNDA:2,deduplicateDMConversations
FNDA:1,(anonymous_9)
FNDA:0,(anonymous_10)
FNDA:4,getWsBaseUrl
DA:4,7
DA:15,6
DA:19,7
DA:27,4
DA:32,10
DA:43,0
DA:44,0
DA:45,0
DA:56,0
DA:57,0
DA:71,2
DA:72,2
DA:73,2
DA:74,2
DA:75,0
DA:76,0
DA:77,0
DA:78,0
DA:79,0
DA:81,2
DA:87,4
DA:88,4
DA:89,0
DA:90,0
DA:91,0
DA:95,4
DA:96,4
DA:97,4
LF:28
LH:15
BRDA:31,0,0,10
BRDA:43,1,0,0
BRDA:43,1,1,0
BRDA:45,2,0,0
BRDA:45,2,1,0
BRDA:58,3,0,0
BRDA:58,3,1,0
BRDA:59,4,0,0
BRDA:59,4,1,0
BRDA:76,5,0,0
BRDA:76,5,1,0
BRDA:77,6,0,0
BRDA:77,6,1,0
BRDA:88,7,0,0
BRDA:88,7,1,4
BRDA:90,8,0,0
BRDA:90,8,1,0
BRDA:95,9,0,0
BRDA:95,9,1,4
BRF:19
BRH:3
end_of_record
TN:
SF:src/lib/handleAuthOrFKError.ts
FN:2,handleAuthOrFKError
FNF:1
FNH:0
FNDA:0,handleAuthOrFKError
DA:4,0
DA:10,0
DA:12,0
DA:14,0
DA:21,0
DA:22,0
DA:23,0
DA:26,0
DA:27,0
DA:29,0
LF:10
LH:0
BRDA:4,0,0,0
BRDA:4,0,1,0
BRDA:5,1,0,0
BRDA:5,1,1,0
BRDA:5,1,2,0
BRDA:5,1,3,0
BRDA:14,2,0,0
BRDA:14,2,1,0
BRDA:15,3,0,0
BRDA:15,3,1,0
BRDA:15,3,2,0
BRDA:15,3,3,0
BRDA:15,3,4,0
BRF:13
BRH:0
end_of_record
TN:
SF:src/lib/logger.ts
FN:9,(anonymous_0)
FN:34,(anonymous_1)
FN:38,(anonymous_2)
FN:42,(anonymous_3)
FN:46,(anonymous_4)
FNF:5
FNH:0
FNDA:0,(anonymous_0)
FNDA:0,(anonymous_1)
FNDA:0,(anonymous_2)
FNDA:0,(anonymous_3)
FNDA:0,(anonymous_4)
DA:7,2
DA:10,0
DA:12,0
DA:13,0
DA:15,0
DA:17,0
DA:18,0
DA:20,0
DA:21,0
DA:23,0
DA:24,0
DA:26,0
DA:27,0
DA:35,0
DA:39,0
DA:43,0
DA:47,0
DA:51,2
LF:18
LH:2
BRDA:10,0,0,0
BRDA:10,0,1,0
BRDA:10,1,0,0
BRDA:10,1,1,0
BRDA:15,2,0,0
BRDA:15,2,1,0
BRDA:15,2,2,0
BRDA:15,2,3,0
BRDA:17,3,0,0
BRDA:17,3,1,0
BRDA:20,4,0,0
BRDA:20,4,1,0
BRDA:23,5,0,0
BRDA:23,5,1,0
BRDA:26,6,0,0
BRDA:26,6,1,0
BRF:16
BRH:0
end_of_record
TN:
SF:src/lib/sanctums.ts
FN:6,toSlugMap
FN:7,(anonymous_1)
FN:10,buildSanctumSections
FN:14,(anonymous_3)
FN:15,(anonymous_4)
FN:22,(anonymous_5)
FN:23,(anonymous_6)
FN:31,(anonymous_7)
FN:33,(anonymous_8)
FNF:9
FNH:9
FNDA:4,toSlugMap
FNDA:20,(anonymous_1)
FNDA:4,buildSanctumSections
FNDA:12,(anonymous_3)
FNDA:12,(anonymous_4)
FNDA:16,(anonymous_5)
FNDA:16,(anonymous_6)
FNDA:20,(anonymous_7)
FNDA:3,(anonymous_8)
DA:3,3
DA:4,3
DA:7,20
DA:11,4
DA:12,4
DA:14,12
DA:16,12
DA:17,8
DA:18,8
DA:22,16
DA:24,16
DA:25,8
DA:26,8
DA:30,4
DA:31,20
DA:33,3
DA:35,4
LF:17
LH:17
BRDA:16,0,0,4
BRDA:16,0,1,8
BRDA:24,1,0,8
BRDA:24,1,1,8
BRF:4
BRH:4
end_of_record
TN:
SF:src/lib/utils.ts
FN:4,cn
FNF:1
FNH:1
FNDA:713,cn
DA:5,713
LF:1
LH:1
BRF:0
BRH:0
end_of_record
TN:
SF:src/lib/validations.ts
FN:29,(anonymous_0)
FNF:1
FNH:1
FNDA:1,(anonymous_0)
DA:4,2
DA:9,2
DA:29,1
DA:35,2
DA:52,2
DA:60,2
DA:79,2
DA:88,2
DA:98,2
LF:9
LH:9
BRF:0
BRH:0
end_of_record
TN:
SF:src/lib/ws-utils.ts
FN:19,createTicketedWS
FN:40,getNextBackoff
FNF:2
FNH:2
FNDA:4,createTicketedWS
FNDA:3,getNextBackoff
DA:22,4
DA:23,4
DA:24,4
DA:25,4
DA:27,4
DA:29,4
DA:30,4
DA:31,4
DA:32,4
DA:34,4
DA:45,3
DA:46,3
DA:47,3
LF:13
LH:13
BRDA:24,0,0,0
BRDA:24,0,1,4
BRDA:29,1,0,4
BRDA:29,1,1,0
BRDA:30,2,0,4
BRDA:30,2,1,0
BRDA:31,3,0,4
BRDA:31,3,1,0
BRDA:32,4,0,4
BRDA:32,4,1,0
BRDA:42,5,0,3
BRDA:43,6,0,3
BRF:12
BRH:7
end_of_record
TN:
SF:src/pages/AdminSanctumRequests.tsx
FN:16,AdminSanctumRequests
FN:45,(anonymous_1)
FN:49,(anonymous_2)
FN:64,(anonymous_3)
FN:72,(anonymous_4)
FN:106,(anonymous_5)
FN:107,(anonymous_6)
FN:120,(anonymous_7)
FN:134,(anonymous_8)
FNF:9
FNH:3
FNDA:3,AdminSanctumRequests
FNDA:6,(anonymous_1)
FNDA:0,(anonymous_2)
FNDA:0,(anonymous_3)
FNDA:1,(anonymous_4)
FNDA:0,(anonymous_5)
FNDA:0,(anonymous_6)
FNDA:0,(anonymous_7)
FNDA:0,(anonymous_8)
DA:14,1
DA:17,3
DA:18,3
DA:19,3
DA:27,3
DA:28,3
DA:29,3
DA:31,3
DA:32,1
DA:35,2
DA:46,6
DA:49,0
DA:64,0
DA:73,1
DA:75,1
DA:107,0
DA:121,0
DA:135,0
LF:18
LH:13
BRDA:22,0,0,3
BRDA:31,1,0,1
BRDA:31,1,1,2
BRDA:48,2,0,2
BRDA:48,2,1,4
BRDA:56,3,0,0
BRDA:56,3,1,2
BRDA:60,4,0,0
BRDA:60,4,1,2
BRDA:70,5,0,2
BRDA:70,5,1,0
BRDA:70,6,0,3
BRDA:70,6,1,2
BRDA:73,7,0,1
BRDA:73,7,1,1
BRDA:88,8,0,1
BRDA:88,8,1,1
BRDA:114,9,0,1
BRDA:114,9,1,0
BRDA:118,10,0,1
BRDA:118,10,1,1
BRDA:132,11,0,1
BRDA:132,11,1,1
BRDA:149,12,0,1
BRDA:149,12,1,1
BRF:25
BRH:21
end_of_record
TN:
SF:src/pages/Login.tsx
FN:14,Login
FN:28,(anonymous_1)
FN:82,(anonymous_2)
FNF:3
FNH:2
FNDA:10,Login
FNDA:1,(anonymous_1)
FNDA:0,(anonymous_2)
DA:15,10
DA:22,10
DA:26,10
DA:28,10
DA:29,1
DA:30,1
DA:31,1
DA:33,0
DA:35,0
DA:36,0
DA:37,0
DA:43,10
DA:82,0
LF:13
LH:8
BRDA:35,0,0,0
BRDA:35,0,1,0
BRDA:49,1,0,10
BRDA:49,1,1,0
BRDA:63,2,0,10
BRDA:63,2,1,1
BRDA:73,3,0,0
BRDA:73,3,1,10
BRDA:84,4,0,0
BRDA:84,4,1,10
BRDA:91,5,0,10
BRDA:91,5,1,1
BRDA:98,6,0,10
BRDA:98,6,1,8
BRDA:100,7,0,2
BRDA:100,7,1,8
BRDA:100,8,0,10
BRDA:100,8,1,8
BRF:18
BRH:13
end_of_record
TN:
SF:src/pages/MySanctumRequests.tsx
FN:6,MySanctumRequests
FN:28,(anonymous_1)
FN:55,(anonymous_2)
FNF:3
FNH:2
FNDA:2,MySanctumRequests
FNDA:0,(anonymous_1)
FNDA:3,(anonymous_2)
DA:13,2
DA:15,2
DA:16,0
DA:23,2
DA:24,0
DA:28,0
DA:35,2
DA:56,3
LF:8
LH:5
BRDA:8,0,0,2
BRDA:15,1,0,0
BRDA:15,1,1,2
BRDA:23,2,0,0
BRDA:23,2,1,2
BRDA:50,3,0,1
BRDA:50,3,1,1
BRDA:74,4,0,0
BRDA:74,4,1,3
BRF:9
BRH:6
end_of_record
TN:
SF:src/pages/OnboardingSanctums.tsx
FN:12,OnboardingSanctums
FN:19,(anonymous_1)
FN:19,(anonymous_2)
FN:26,(anonymous_3)
FN:28,(anonymous_4)
FN:40,(anonymous_5)
FN:47,(anonymous_6)
FN:48,(anonymous_7)
FN:91,(anonymous_8)
FN:110,(anonymous_9)
FNF:10
FNH:10
FNDA:5,OnboardingSanctums
FNDA:3,(anonymous_1)
FNDA:12,(anonymous_2)
FNDA:2,(anonymous_3)
FNDA:2,(anonymous_4)
FNDA:1,(anonymous_5)
FNDA:4,(anonymous_6)
FNDA:4,(anonymous_7)
FNDA:20,(anonymous_8)
FNDA:2,(anonymous_9)
DA:9,1
DA:10,1
DA:13,5
DA:14,5
DA:15,5
DA:16,5
DA:18,5
DA:19,12
DA:23,5
DA:24,5
DA:26,5
DA:27,2
DA:28,2
DA:29,2
DA:30,2
DA:31,2
DA:33,0
DA:35,2
DA:36,2
DA:40,5
DA:41,1
DA:42,0
DA:43,0
DA:46,1
DA:47,4
DA:48,4
DA:50,1
DA:51,1
DA:52,1
DA:53,1
DA:56,0
DA:57,0
DA:61,5
DA:62,0
DA:69,5
DA:70,0
DA:79,5
DA:92,20
DA:93,20
DA:94,20
DA:110,2
LF:41
LH:34
BRDA:14,0,0,5
BRDA:24,1,0,5
BRDA:24,1,1,3
BRDA:27,2,0,0
BRDA:27,2,1,2
BRDA:30,3,0,2
BRDA:30,3,1,0
BRDA:41,4,0,0
BRDA:41,4,1,1
BRDA:56,5,0,0
BRDA:56,5,1,0
BRDA:61,6,0,0
BRDA:61,6,1,5
BRDA:69,7,0,0
BRDA:69,7,1,5
BRDA:101,8,0,20
BRDA:101,8,1,0
BRDA:113,9,0,5
BRDA:113,9,1,15
BRDA:126,10,0,5
BRDA:126,10,1,3
BRDA:127,11,0,0
BRDA:127,11,1,5
BRF:23
BRH:14
end_of_record
TN:
SF:src/pages/SanctumDetail.tsx
FN:7,SanctumDetail
FN:31,(anonymous_1)
FN:54,(anonymous_2)
FNF:3
FNH:1
FNDA:1,SanctumDetail
FNDA:0,(anonymous_1)
FNDA:0,(anonymous_2)
DA:8,1
DA:9,1
DA:10,1
DA:11,1
DA:13,1
DA:15,1
DA:31,0
DA:55,0
LF:8
LH:6
BRDA:9,0,0,1
BRDA:13,1,0,1
BRDA:13,1,1,0
BRDA:20,2,0,0
BRDA:20,2,1,1
BRDA:22,3,0,0
BRDA:22,3,1,1
BRDA:36,4,0,0
BRDA:36,4,1,1
BRDA:42,5,0,1
BRDA:42,5,1,0
BRF:11
BRH:6
end_of_record
TN:
SF:src/pages/SanctumRequestForm.tsx
FN:9,SanctumRequestForm
FN:15,(anonymous_1)
FN:38,(anonymous_2)
FN:48,(anonymous_3)
FN:59,(anonymous_4)
FNF:5
FNH:5
FNDA:40,SanctumRequestForm
FNDA:1,(anonymous_1)
FNDA:11,(anonymous_2)
FNDA:7,(anonymous_3)
FNDA:18,(anonymous_4)
DA:10,40
DA:11,40
DA:12,40
DA:13,40
DA:15,40
DA:16,1
DA:17,1
DA:24,40
DA:38,11
DA:48,7
DA:59,18
LF:11
LH:11
BRDA:65,0,0,1
BRDA:65,0,1,39
BRDA:71,1,0,1
BRDA:71,1,1,39
BRDA:82,2,0,0
BRDA:82,2,1,40
BRF:6
BRH:5
end_of_record
TN:
SF:src/pages/Sanctums.tsx
FN:7,Sanctums
FN:23,(anonymous_1)
FN:55,(anonymous_2)
FNF:3
FNH:2
FNDA:4,Sanctums
FNDA:0,(anonymous_1)
FNDA:3,(anonymous_2)
DA:8,4
DA:10,4
DA:11,1
DA:18,3
DA:19,1
DA:23,0
DA:30,2
DA:32,2
DA:56,3
LF:9
LH:8
BRDA:8,0,0,4
BRDA:10,1,0,1
BRDA:10,1,1,3
BRDA:18,2,0,1
BRDA:18,2,1,2
BRDA:63,3,0,3
BRDA:63,3,1,0
BRF:7
BRH:6
end_of_record
TN:
SF:src/pages/Signup.tsx
FN:14,Signup
FN:29,(anonymous_1)
FN:100,(anonymous_2)
FN:128,(anonymous_3)
FNF:4
FNH:2
FNDA:6,Signup
FNDA:1,(anonymous_1)
FNDA:0,(anonymous_2)
FNDA:0,(anonymous_3)
DA:15,6
DA:16,6
DA:23,6
DA:27,6
DA:29,6
DA:30,1
DA:31,1
DA:36,1
DA:38,0
DA:40,0
DA:41,0
DA:42,0
DA:48,6
DA:100,0
DA:128,0
LF:15
LH:9
BRDA:40,0,0,0
BRDA:40,0,1,0
BRDA:54,1,0,6
BRDA:54,1,1,0
BRDA:68,2,0,6
BRDA:68,2,1,0
BRDA:81,3,0,6
BRDA:81,3,1,0
BRDA:91,4,0,0
BRDA:91,4,1,6
BRDA:102,5,0,0
BRDA:102,5,1,6
BRDA:109,6,0,6
BRDA:109,6,1,0
BRDA:119,7,0,0
BRDA:119,7,1,6
BRDA:130,8,0,0
BRDA:130,8,1,6
BRDA:137,9,0,6
BRDA:137,9,1,0
BRDA:147,10,0,6
BRDA:147,10,1,5
BRDA:149,11,0,1
BRDA:149,11,1,5
BRDA:149,12,0,6
BRDA:149,12,1,5
BRF:26
BRH:15
end_of_record
TN:
SF:src/providers/ChatProvider.tsx
FN:130,useChatContext
FN:142,ChatProvider
FN:197,(anonymous_2)
FN:205,(anonymous_3)
FN:220,(anonymous_4)
FN:228,(anonymous_5)
FN:236,(anonymous_6)
FN:244,(anonymous_7)
FN:263,(anonymous_8)
FN:265,(anonymous_9)
FN:271,(anonymous_10)
FN:280,(anonymous_11)
FN:286,(anonymous_12)
FN:288,(anonymous_13)
FN:294,(anonymous_14)
FN:296,(anonymous_15)
FN:302,(anonymous_16)
FN:304,(anonymous_17)
FN:310,(anonymous_18)
FN:322,(anonymous_19)
FN:327,(anonymous_20)
FN:349,(anonymous_21)
FN:363,(anonymous_22)
FN:418,(anonymous_23)
FN:420,(anonymous_24)
FN:532,(anonymous_25)
FN:536,(anonymous_26)
FN:548,(anonymous_27)
FN:565,(anonymous_28)
FN:585,(anonymous_29)
FN:591,(anonymous_30)
FN:592,(anonymous_31)
FN:603,(anonymous_32)
FN:614,(anonymous_33)
FN:628,(anonymous_34)
FN:643,(anonymous_35)
FN:656,(anonymous_36)
FNF:37
FNH:14
FNDA:5,useChatContext
FNDA:5,ChatProvider
FNDA:0,(anonymous_2)
FNDA:0,(anonymous_3)
FNDA:0,(anonymous_4)
FNDA:0,(anonymous_5)
FNDA:0,(anonymous_6)
FNDA:0,(anonymous_7)
FNDA:4,(anonymous_8)
FNDA:4,(anonymous_9)
FNDA:0,(anonymous_10)
FNDA:0,(anonymous_11)
FNDA:0,(anonymous_12)
FNDA:0,(anonymous_13)
FNDA:0,(anonymous_14)
FNDA:0,(anonymous_15)
FNDA:0,(anonymous_16)
FNDA:0,(anonymous_17)
FNDA:0,(anonymous_18)
FNDA:0,(anonymous_19)
FNDA:4,(anonymous_20)
FNDA:2,(anonymous_21)
FNDA:3,(anonymous_22)
FNDA:2,(anonymous_23)
FNDA:0,(anonymous_24)
FNDA:0,(anonymous_25)
FNDA:3,(anonymous_26)
FNDA:1,(anonymous_27)
FNDA:3,(anonymous_28)
FNDA:3,(anonymous_29)
FNDA:3,(anonymous_30)
FNDA:3,(anonymous_31)
FNDA:0,(anonymous_32)
FNDA:0,(anonymous_33)
FNDA:0,(anonymous_34)
FNDA:0,(anonymous_35)
FNDA:0,(anonymous_36)
DA:128,2
DA:131,5
DA:132,5
DA:133,0
DA:135,5
DA:143,5
DA:144,5
DA:145,5
DA:146,5
DA:148,5
DA:149,5
DA:150,5
DA:151,5
DA:152,5
DA:153,5
DA:156,5
DA:159,5
DA:169,5
DA:172,5
DA:175,5
DA:178,5
DA:193,5
DA:195,5
DA:198,0
DA:199,0
DA:204,5
DA:213,0
DA:214,0
DA:219,5
DA:221,0
DA:222,0
DA:227,5
DA:229,0
DA:230,0
DA:235,5
DA:237,0
DA:238,0
DA:243,5
DA:255,0
DA:256,0
DA:262,5
DA:264,4
DA:265,4
DA:270,5
DA:279,0
DA:280,0
DA:285,5
DA:287,0
DA:288,0
DA:293,5
DA:295,0
DA:296,0
DA:301,5
DA:303,0
DA:304,0
DA:309,5
DA:321,0
DA:322,0
DA:327,5
DA:328,4
DA:329,4
DA:332,4
DA:333,4
DA:334,4
DA:335,4
DA:336,4
DA:341,4
DA:342,0
DA:346,4
DA:347,4
DA:350,2
DA:352,2
DA:353,2
DA:355,2
DA:358,2
DA:359,2
DA:360,0
DA:364,3
DA:366,3
DA:367,3
DA:369,3
DA:370,0
DA:371,0
DA:377,0
DA:381,3
DA:383,0
DA:386,0
DA:387,0
DA:388,0
DA:389,0
DA:391,0
DA:397,3
DA:398,3
DA:399,3
DA:400,3
DA:403,3
DA:404,3
DA:405,3
DA:407,3
DA:408,0
DA:409,0
DA:412,3
DA:413,2
DA:416,2
DA:419,2
DA:420,0
DA:421,0
DA:426,2
DA:431,2
DA:432,2
DA:433,2
DA:435,0
DA:438,2
DA:442,0
DA:443,0
DA:444,0
DA:445,0
DA:446,0
DA:447,0
DA:448,0
DA:449,0
DA:450,0
DA:452,0
DA:455,0
DA:460,0
DA:461,0
DA:462,0
DA:463,0
DA:464,0
DA:465,0
DA:466,0
DA:468,0
DA:471,0
DA:475,0
DA:477,0
DA:478,0
DA:479,0
DA:480,0
DA:481,0
DA:483,0
DA:487,0
DA:492,0
DA:493,0
DA:494,0
DA:495,0
DA:496,0
DA:497,0
DA:498,0
DA:500,0
DA:504,0
DA:508,0
DA:509,0
DA:510,0
DA:511,0
DA:513,0
DA:516,0
DA:521,0
DA:522,0
DA:526,0
DA:529,0
DA:533,0
DA:534,0
DA:537,3
DA:539,3
DA:540,3
DA:543,3
DA:544,3
DA:545,3
DA:548,3
DA:549,1
DA:555,4
DA:557,0
DA:558,0
DA:559,0
DA:565,5
DA:566,3
DA:568,0
DA:569,0
DA:570,0
DA:571,0
DA:573,0
DA:574,0
DA:576,0
DA:577,0
DA:578,0
DA:579,0
DA:583,3
DA:585,3
DA:586,3
DA:591,5
DA:592,3
DA:593,3
DA:594,3
DA:595,3
DA:597,3
DA:598,2
DA:603,5
DA:604,0
DA:605,0
DA:607,0
DA:608,0
DA:609,0
DA:610,0
DA:614,5
DA:615,0
DA:616,0
DA:618,0
DA:619,0
DA:622,0
DA:623,0
DA:627,5
DA:629,0
DA:630,0
DA:632,0
DA:643,5
DA:644,0
DA:645,0
DA:647,0
DA:656,5
DA:657,0
DA:658,0
DA:660,0
DA:668,5
DA:696,5
LF:224
LH:102
BRDA:132,0,0,0
BRDA:132,0,1,5
BRDA:198,1,0,0
BRDA:198,1,1,0
BRDA:213,2,0,0
BRDA:213,2,1,0
BRDA:221,3,0,0
BRDA:221,3,1,0
BRDA:229,4,0,0
BRDA:229,4,1,0
BRDA:237,5,0,0
BRDA:237,5,1,0
BRDA:255,6,0,0
BRDA:255,6,1,0
BRDA:328,7,0,0
BRDA:328,7,1,4
BRDA:329,8,0,0
BRDA:329,8,1,4
BRDA:329,9,0,4
BRDA:329,9,1,0
BRDA:333,10,0,4
BRDA:333,10,1,0
BRDA:341,11,0,0
BRDA:341,11,1,4
BRDA:350,12,0,0
BRDA:350,12,1,2
BRDA:364,13,0,0
BRDA:364,13,1,3
BRDA:369,14,0,0
BRDA:369,14,1,3
BRDA:371,15,0,0
BRDA:371,15,1,0
BRDA:372,16,0,0
BRDA:372,16,1,0
BRDA:381,17,0,0
BRDA:381,17,1,0
BRDA:381,17,2,2
BRDA:381,17,3,3
BRDA:381,17,4,0
BRDA:381,17,5,0
BRDA:381,17,6,0
BRDA:381,17,7,0
BRDA:381,17,8,0
BRDA:381,17,9,0
BRDA:381,17,10,0
BRDA:381,17,11,0
BRDA:387,18,0,0
BRDA:387,18,1,0
BRDA:397,19,0,3
BRDA:397,19,1,0
BRDA:398,20,0,3
BRDA:398,20,1,3
BRDA:400,21,0,0
BRDA:400,21,1,3
BRDA:400,22,0,3
BRDA:400,22,1,3
BRDA:400,22,2,3
BRDA:407,23,0,0
BRDA:407,23,1,3
BRDA:409,24,0,0
BRDA:409,24,1,0
BRDA:412,25,0,1
BRDA:412,25,1,2
BRDA:419,26,0,2
BRDA:419,26,1,0
BRDA:420,27,0,0
BRDA:420,27,1,0
BRDA:442,28,0,0
BRDA:442,28,1,0
BRDA:443,29,0,0
BRDA:443,29,1,0
BRDA:444,30,0,0
BRDA:444,30,1,0
BRDA:444,30,2,0
BRDA:445,31,0,0
BRDA:445,31,1,0
BRDA:446,32,0,0
BRDA:446,32,1,0
BRDA:447,33,0,0
BRDA:447,33,1,0
BRDA:460,34,0,0
BRDA:460,34,1,0
BRDA:461,35,0,0
BRDA:461,35,1,0
BRDA:461,35,2,0
BRDA:462,36,0,0
BRDA:462,36,1,0
BRDA:475,37,0,0
BRDA:475,37,1,0
BRDA:477,38,0,0
BRDA:477,38,1,0
BRDA:477,38,2,0
BRDA:478,39,0,0
BRDA:478,39,1,0
BRDA:492,40,0,0
BRDA:492,40,1,0
BRDA:493,41,0,0
BRDA:493,41,1,0
BRDA:495,42,0,0
BRDA:495,42,1,0
BRDA:495,43,0,0
BRDA:495,43,1,0
BRDA:508,44,0,0
BRDA:508,44,1,0
BRDA:521,45,0,0
BRDA:521,45,1,0
BRDA:533,46,0,0
BRDA:533,46,1,0
BRDA:537,47,0,0
BRDA:537,47,1,3
BRDA:543,48,0,3
BRDA:543,48,1,0
BRDA:543,49,0,3
BRDA:543,49,1,3
BRDA:557,50,0,0
BRDA:557,50,1,0
BRDA:557,51,0,0
BRDA:557,51,1,0
BRDA:566,52,0,0
BRDA:566,52,1,3
BRDA:568,53,0,0
BRDA:568,53,1,0
BRDA:573,54,0,0
BRDA:573,54,1,0
BRDA:593,55,0,3
BRDA:593,55,1,0
BRDA:597,56,0,2
BRDA:597,56,1,1
BRDA:605,57,0,0
BRDA:605,57,1,0
BRDA:605,58,0,0
BRDA:605,58,1,0
BRDA:607,59,0,0
BRDA:607,59,1,0
BRDA:616,60,0,0
BRDA:616,60,1,0
BRDA:616,61,0,0
BRDA:616,61,1,0
BRDA:618,62,0,0
BRDA:618,62,1,0
BRDA:630,63,0,0
BRDA:630,63,1,0
BRDA:630,64,0,0
BRDA:630,64,1,0
BRDA:645,65,0,0
BRDA:645,65,1,0
BRDA:645,66,0,0
BRDA:645,66,1,0
BRDA:658,67,0,0
BRDA:658,67,1,0
BRDA:658,68,0,0
BRDA:658,68,1,0
BRF:152
BRH:30
end_of_record
